<?xml version="1.0" encoding="UTF-8"?>
<robot generator="Robot 4.1.2 (Python 3.9.7 on win32)" generated="20220103 03:03:30.150" rpa="false" schemaversion="2">
<suite id="s1" name="animationStep" source="E:\Latihan QA\belajarRobotframework-Mobile\Step\animationStep.robot">
<test id="s1-t1" name="As a user i want to open API Demos apps menu Animation">
<kw name="Start Session" library="animationPage" type="SETUP">
<kw name="Open Application" library="AppiumLibrary">
<arg>http://localhost:4723/wd/hub</arg>
<arg>automationName=UiAutomator2</arg>
<arg>platformName=Android</arg>
<arg>deviceName=emulator-5554</arg>
<arg>appPackage=io.appium.android.apis</arg>
<arg>appActivity=io.appium.android.apis.ApiDemos</arg>
<arg>autoGrantPermissions=true</arg>
<arg>noReset=true</arg>
<doc>Opens a new application to given Appium server.
Capabilities of appium server, Android and iOS,
Please check https://github.com/appium/appium/blob/master/docs/en/writing-running-appium/server-args.md
| *Option*            | *Man.* | *Description*     |
| remote_url          | Yes    | Appium server url |
| alias               | no     | alias             |</doc>
<status status="PASS" starttime="20220103 03:03:30.623" endtime="20220103 03:03:46.419"/>
</kw>
<kw name="Sleep" library="BuiltIn">
<arg>1</arg>
<doc>Pauses the test executed for the given time.</doc>
<msg timestamp="20220103 03:03:47.422" level="INFO">Slept 1 second</msg>
<status status="PASS" starttime="20220103 03:03:46.419" endtime="20220103 03:03:47.425"/>
</kw>
<status status="PASS" starttime="20220103 03:03:30.622" endtime="20220103 03:03:47.427"/>
</kw>
<kw name="Page Should Contain Text" library="AppiumLibrary">
<arg>Animation</arg>
<doc>Verifies that current page contains `text`.</doc>
<msg timestamp="20220103 03:03:47.635" level="INFO">Current page contains text 'Animation'.</msg>
<status status="PASS" starttime="20220103 03:03:47.429" endtime="20220103 03:03:47.635"/>
</kw>
<kw name="Tap" library="AppiumLibrary">
<arg>${animation}</arg>
<doc>Tap element identified by ``locator``. </doc>
<status status="PASS" starttime="20220103 03:03:47.635" endtime="20220103 03:03:49.751"/>
</kw>
<kw name="Sleep" library="BuiltIn">
<arg>1</arg>
<doc>Pauses the test executed for the given time.</doc>
<msg timestamp="20220103 03:03:50.753" level="INFO">Slept 1 second</msg>
<status status="PASS" starttime="20220103 03:03:49.752" endtime="20220103 03:03:50.754"/>
</kw>
<kw name="Page Should Contain Text" library="AppiumLibrary">
<arg>Bouncing Balls</arg>
<doc>Verifies that current page contains `text`.</doc>
<msg timestamp="20220103 03:03:50.944" level="INFO">Current page contains text 'Bouncing Balls'.</msg>
<status status="PASS" starttime="20220103 03:03:50.757" endtime="20220103 03:03:50.944"/>
</kw>
<kw name="CLose Application" library="animationPage" type="TEARDOWN">
<kw name="Capture Page Screenshot" library="AppiumLibrary">
<doc>Takes a screenshot of the current page and embeds it into the log.</doc>
<msg timestamp="20220103 03:03:51.467" level="INFO" html="true">&lt;/td&gt;&lt;/tr&gt;&lt;tr&gt;&lt;td colspan="3"&gt;&lt;a href="appium-screenshot-1.png"&gt;&lt;img src="appium-screenshot-1.png" width="800px"&gt;&lt;/a&gt;</msg>
<status status="PASS" starttime="20220103 03:03:50.947" endtime="20220103 03:03:51.467"/>
</kw>
<kw name="Quit Application" library="AppiumLibrary">
<doc>Quit application. Application can be quit while Appium session is kept alive.
This keyword can be used to close application during test case or between test cases.</doc>
<status status="PASS" starttime="20220103 03:03:51.467" endtime="20220103 03:03:51.787"/>
</kw>
<status status="PASS" starttime="20220103 03:03:50.945" endtime="20220103 03:03:51.788"/>
</kw>
<status status="PASS" starttime="20220103 03:03:30.621" endtime="20220103 03:03:51.790"/>
</test>
<status status="PASS" starttime="20220103 03:03:30.153" endtime="20220103 03:03:51.795"/>
</suite>
<statistics>
<total>
<stat pass="1" fail="0" skip="0">All Tests</stat>
</total>
<tag>
</tag>
<suite>
<stat pass="1" fail="0" skip="0" id="s1" name="animationStep">animationStep</stat>
</suite>
</statistics>
<errors>
</errors>
</robot>
